\BOOKMARK [1][-]{section.1}{Introduction}{}% 1
\BOOKMARK [2][-]{subsection.1.1}{Mobile Health Systems}{section.1}% 2
\BOOKMARK [2][-]{subsection.1.2}{Threat Model and Problem Description}{section.1}% 3
\BOOKMARK [2][-]{subsection.1.3}{Related Work}{section.1}% 4
\BOOKMARK [2][-]{subsection.1.4}{Policy Machine for mHealth Systems}{section.1}% 5
\BOOKMARK [2][-]{subsection.1.5}{Paper Outline}{section.1}% 6
\BOOKMARK [1][-]{section.2}{Background}{}% 7
\BOOKMARK [2][-]{subsection.2.1}{Policy Machine and Next Generation Access Control}{section.2}% 8
\BOOKMARK [3][-]{subsubsection.2.1.1}{Policy Machine Constructs}{subsection.2.1}% 9
\BOOKMARK [3][-]{subsubsection.2.1.2}{Evaluating User Privileges}{subsection.2.1}% 10
\BOOKMARK [2][-]{subsection.2.2}{Graph Database: Neo4j}{section.2}% 11
\BOOKMARK [2][-]{subsection.2.3}{Common predecessor Algorithm}{section.2}% 12
\BOOKMARK [1][-]{section.3}{Proposed Solution}{}% 13
\BOOKMARK [2][-]{subsection.3.1}{Solution Architecture}{section.3}% 14
\BOOKMARK [2][-]{subsection.3.2}{An Example NGAC Policy for the mHealth Domain}{section.3}% 15
\BOOKMARK [2][-]{subsection.3.3}{Constructing the PM Graph}{section.3}% 16
\BOOKMARK [3][-]{subsubsection.3.3.1}{Object and Object attributes}{subsection.3.3}% 17
\BOOKMARK [3][-]{subsubsection.3.3.2}{User and User Attribute}{subsection.3.3}% 18
\BOOKMARK [3][-]{subsubsection.3.3.3}{Policies}{subsection.3.3}% 19
\BOOKMARK [3][-]{subsubsection.3.3.4}{Constructing the Index}{subsection.3.3}% 20
\BOOKMARK [2][-]{subsection.3.4}{Evaluation of Access Request}{section.3}% 21
\BOOKMARK [3][-]{subsubsection.3.4.1}{Evaluation of the access request}{subsection.3.4}% 22
\BOOKMARK [3][-]{subsubsection.3.4.2}{Queries of the form <u, op, o>}{subsection.3.4}% 23
\BOOKMARK [3][-]{subsubsection.3.4.3}{Queries of the form <u,*,*>}{subsection.3.4}% 24
\BOOKMARK [1][-]{section.4}{Analysis and Discussion}{}% 25
\BOOKMARK [2][-]{subsection.4.1}{Complexity Evaluation}{section.4}% 26
\BOOKMARK [3][-]{subsubsection.4.1.1}{Indexing}{subsection.4.1}% 27
\BOOKMARK [3][-]{subsubsection.4.1.2}{Evaluating <u,op,o>}{subsection.4.1}% 28
\BOOKMARK [3][-]{subsubsection.4.1.3}{Evaluating <u,*,*>}{subsection.4.1}% 29
\BOOKMARK [1][-]{section.5}{Conclusion and Future Work}{}% 30
\BOOKMARK [1][-]{section*.5}{References}{}% 31
